[2025-01-28 02:12:10] [1] [WARN] Reporting disabled: using no op test run registrar
[2025-01-28 02:12:10] [1] [INFO] TEST [carinaandroidautomation - testLogin] STARTED at [23:12:10 2025-01-27]
[2025-01-28 02:12:10] [1] [INFO] Starting driver session...
[2025-01-28 02:12:27] [1] [INFO] Driver session started.
[2025-01-28 02:12:47] [1] [ERROR] FAIL: type - waitCondition for element 'usernameField (By.xpath: //input[@name="user-name"])' not satisfied!
[2025-01-28 02:12:49] [1] [ERROR] TEST [carinaandroidautomation - testLogin] FAILED at [23:12:49 2025-01-27] - no such element By.xpath: //input[@name="user-name"]
For documentation on this error, please visit: https://selenium.dev/exceptions/#no_such_element
Build info: version: '4.7.0', revision: '0a5b49d16f'
System info: os.name: 'Mac OS X', os.arch: 'aarch64', os.version: '15.2', java.version: '21.0.4'
Driver info: driver.version: unknown

com.zebrunner.carina.webdriver.locator.ExtendedElementLocator.findElement(ExtendedElementLocator.java:157)
org.openqa.selenium.support.pagefactory.internal.LocatingElementHandler.invoke(LocatingElementHandler.java:39)
jdk.proxy2/jdk.proxy2.$Proxy90.clear(Unknown Source)
com.zebrunner.carina.webdriver.decorator.ExtendedWebElement$3.doType(ExtendedWebElement.java:1596)
com.zebrunner.carina.webdriver.decorator.ExtendedWebElement.executeAction(ExtendedWebElement.java:1430)
com.zebrunner.carina.webdriver.decorator.ExtendedWebElement.overrideAction(ExtendedWebElement.java:1531)
com.zebrunner.carina.webdriver.decorator.ExtendedWebElement.doAction(ExtendedWebElement.java:1510)
com.zebrunner.carina.webdriver.decorator.ExtendedWebElement.type(ExtendedWebElement.java:620)
com.zebrunner.carina.webdriver.decorator.ExtendedWebElement.type(ExtendedWebElement.java:609)
com.zebrunner.carina.webdriver.decorator.ExtendedWebElement.type(ExtendedWebElement.java:599)
com.solvd.carina.demo.mobile.swaglabs.android.pages.LoginPage.login(LoginPage.java:33)
com.solvd.carina.demo.mobile.SampleTest.testLogin(SampleTest.java:17)
java.base/jdk.internal.reflect.DirectMethodHandleAccessor.invoke(DirectMethodHandleAccessor.java:103)
java.base/java.lang.reflect.Method.invoke(Method.java:580)
org.testng.internal.invokers.MethodInvocationHelper.invokeMethod(MethodInvocationHelper.java:139)
org.testng.internal.invokers.TestInvoker.invokeMethod(TestInvoker.java:677)
org.testng.internal.invokers.TestInvoker.invokeTestMethod(TestInvoker.java:221)
org.testng.internal.invokers.MethodRunner.runInSequence(MethodRunner.java:50)
org.testng.internal.invokers.TestInvoker$MethodInvocationAgent.invoke(TestInvoker.java:969)
org.testng.internal.invokers.TestInvoker.invokeTestMethods(TestInvoker.java:194)
org.testng.internal.invokers.TestMethodWorker.invokeTestMethods(TestMethodWorker.java:148)
org.testng.internal.invokers.TestMethodWorker.run(TestMethodWorker.java:128)
java.base/java.util.ArrayList.forEach(ArrayList.java:1596)
org.testng.TestRunner.privateRun(TestRunner.java:829)
org.testng.TestRunner.run(TestRunner.java:602)
org.testng.SuiteRunner.runTest(SuiteRunner.java:437)
org.testng.SuiteRunner.runSequentially(SuiteRunner.java:431)
org.testng.SuiteRunner.privateRun(SuiteRunner.java:391)
org.testng.SuiteRunner.run(SuiteRunner.java:330)
org.testng.SuiteRunnerWorker.runSuite(SuiteRunnerWorker.java:52)
org.testng.SuiteRunnerWorker.run(SuiteRunnerWorker.java:95)
org.testng.TestNG.runSuitesSequentially(TestNG.java:1256)
org.testng.TestNG.runSuitesLocally(TestNG.java:1176)
org.testng.TestNG.runSuites(TestNG.java:1099)
org.testng.TestNG.run(TestNG.java:1067)
com.intellij.rt.testng.IDEARemoteTestNG.run(IDEARemoteTestNG.java:65)
com.intellij.rt.testng.RemoteTestNGStarter.main(RemoteTestNGStarter.java:105)
