[2025-01-20 12:00:00] [1] [WARN] Reporting disabled: using no op test run registrar
[2025-01-20 12:00:00] [1] [INFO] TEST [carinaandroidautomation - test [L01]] STARTED at [09:00:00 2025-01-20]
[2025-01-20 12:00:00] [1] [INFO] Starting driver session...
[2025-01-20 12:00:05] [1] [INFO] Driver session started.
[2025-01-20 12:00:06] [1] [INFO] URL 'https://automationexercise.com/' opened
[2025-01-20 12:00:07] [1] [INFO] Checking if the homepage is visible successfully
[2025-01-20 12:00:29] [1] [ERROR] TEST [carinaandroidautomation - test [L01]] FAILED at [09:00:29 2025-01-20] - expected [true] but found [false]

org.testng.Assert.fail(Assert.java:110)
org.testng.Assert.failNotEquals(Assert.java:1577)
org.testng.Assert.assertTrue(Assert.java:56)
org.testng.Assert.assertTrue(Assert.java:66)
com.solvd.carina.demo.mobile.WebAutomationExerciseTest.test(WebAutomationExerciseTest.java:30)
java.base/jdk.internal.reflect.DirectMethodHandleAccessor.invoke(DirectMethodHandleAccessor.java:103)
java.base/java.lang.reflect.Method.invoke(Method.java:580)
org.testng.internal.invokers.MethodInvocationHelper.invokeMethod(MethodInvocationHelper.java:139)
org.testng.internal.invokers.TestInvoker.invokeMethod(TestInvoker.java:677)
org.testng.internal.invokers.TestInvoker.invokeTestMethod(TestInvoker.java:221)
org.testng.internal.invokers.MethodRunner.runInSequence(MethodRunner.java:50)
org.testng.internal.invokers.TestInvoker$MethodInvocationAgent.invoke(TestInvoker.java:969)
org.testng.internal.invokers.TestInvoker.invokeTestMethods(TestInvoker.java:194)
org.testng.internal.invokers.TestMethodWorker.invokeTestMethods(TestMethodWorker.java:148)
org.testng.internal.invokers.TestMethodWorker.run(TestMethodWorker.java:128)
java.base/java.util.ArrayList.forEach(ArrayList.java:1596)
org.testng.TestRunner.privateRun(TestRunner.java:829)
org.testng.TestRunner.run(TestRunner.java:602)
org.testng.SuiteRunner.runTest(SuiteRunner.java:437)
org.testng.SuiteRunner.runSequentially(SuiteRunner.java:431)
org.testng.SuiteRunner.privateRun(SuiteRunner.java:391)
org.testng.SuiteRunner.run(SuiteRunner.java:330)
org.testng.SuiteRunnerWorker.runSuite(SuiteRunnerWorker.java:52)
org.testng.SuiteRunnerWorker.run(SuiteRunnerWorker.java:95)
org.testng.TestNG.runSuitesSequentially(TestNG.java:1256)
org.testng.TestNG.runSuitesLocally(TestNG.java:1176)
org.testng.TestNG.runSuites(TestNG.java:1099)
org.testng.TestNG.run(TestNG.java:1067)
com.intellij.rt.testng.IDEARemoteTestNG.run(IDEARemoteTestNG.java:65)
com.intellij.rt.testng.RemoteTestNGStarter.main(RemoteTestNGStarter.java:105)
