[2025-01-22 09:23:30] [1] [WARN] Reporting disabled: using no op test run registrar
[2025-01-22 09:23:30] [1] [INFO] TEST [carinaandroidautomation - test [L01]] STARTED at [06:23:30 2025-01-22]
[2025-01-22 09:23:30] [1] [INFO] Starting driver session...
[2025-01-22 09:23:39] [1] [INFO] Driver session started.
[2025-01-22 09:23:40] [1] [INFO] URL 'https://automationexercise.com/' opened
[2025-01-22 09:23:41] [1] [INFO] Checking if the homepage is visible successfully
[2025-01-22 09:23:57] [1] [ERROR] Undefined error on capture screenshot detected!
[2025-01-22 09:23:57] [1] [ERROR] TEST [carinaandroidautomation - test [L01]] FAILED at [06:23:57 2025-01-22] - An unknown server-side error occurred while processing the command. Original error: 'POST /elements' cannot be proxied to UiAutomator2 server because the instrumentation process is not running (probably crashed). Check the server log and/or the logcat output for more details
Build info: version: '4.7.0', revision: '0a5b49d16f'
System info: os.name: 'Mac OS X', os.arch: 'aarch64', os.version: '15.2', java.version: '21.0.4'
Driver info: io.appium.java_client.android.AndroidDriver
Command: [0ac7e110-7d68-4c0a-ae63-02124b7bf78b, findElements {using=xpath, value=//div[@id='slider-carousel']}]
Capabilities {appium:automationName: uiautomator2, appium:databaseEnabled: false, appium:desired: {automationName: uiautomator2, deviceName: emulator-5554, deviceType: emulator, language: en, locale: US, platformName: android}, appium:deviceApiLevel: 35, appium:deviceManufacturer: Google, appium:deviceModel: sdk_gphone64_arm64, appium:deviceName: emulator-5554, appium:deviceScreenDensity: 420, appium:deviceScreenSize: 1080x2400, appium:deviceType: emulator, appium:deviceUDID: emulator-5554, appium:javascriptEnabled: true, appium:language: en, appium:locale: US, appium:locationContextEnabled: false, appium:networkConnectionEnabled: true, appium:pixelRatio: 2.625, appium:platformVersion: 15, appium:statBarHeight: 63, appium:takesScreenshot: true, appium:viewportRect: {height: 2337, left: 0, top: 63, width: 1080}, appium:warnings: {}, appium:webStorageEnabled: false, platformName: ANDROID}
Session ID: 0ac7e110-7d68-4c0a-ae63-02124b7bf78b

java.base/jdk.internal.reflect.DirectConstructorHandleAccessor.newInstance(DirectConstructorHandleAccessor.java:62)
java.base/java.lang.reflect.Constructor.newInstanceWithCaller(Constructor.java:502)
java.base/java.lang.reflect.Constructor.newInstance(Constructor.java:486)
org.openqa.selenium.remote.codec.w3c.W3CHttpResponseCodec.createException(W3CHttpResponseCodec.java:200)
org.openqa.selenium.remote.codec.w3c.W3CHttpResponseCodec.decode(W3CHttpResponseCodec.java:133)
org.openqa.selenium.remote.codec.w3c.W3CHttpResponseCodec.decode(W3CHttpResponseCodec.java:53)
org.openqa.selenium.remote.HttpCommandExecutor.execute(HttpCommandExecutor.java:184)
io.appium.java_client.remote.AppiumCommandExecutor.execute(AppiumCommandExecutor.java:262)
org.openqa.selenium.remote.RemoteWebDriver.execute(RemoteWebDriver.java:541)
org.openqa.selenium.remote.ElementLocation$ElementFinder$2.findElements(ElementLocation.java:179)
org.openqa.selenium.remote.ElementLocation.findElements(ElementLocation.java:102)
org.openqa.selenium.remote.RemoteWebDriver.findElements(RemoteWebDriver.java:380)
org.openqa.selenium.remote.RemoteWebDriver.findElements(RemoteWebDriver.java:372)
io.appium.java_client.pagefactory.bys.ContentMappedBy.findElements(ContentMappedBy.java:54)
org.openqa.selenium.remote.ElementLocation$ElementFinder$1.findElements(ElementLocation.java:146)
org.openqa.selenium.remote.ElementLocation.findElements(ElementLocation.java:102)
org.openqa.selenium.remote.RemoteWebDriver.findElements(RemoteWebDriver.java:380)
org.openqa.selenium.remote.RemoteWebDriver.findElements(RemoteWebDriver.java:372)
java.base/jdk.internal.reflect.DirectMethodHandleAccessor.invoke(DirectMethodHandleAccessor.java:103)
java.base/java.lang.reflect.Method.invoke(Method.java:580)
org.openqa.selenium.support.decorators.WebDriverDecorator.call(WebDriverDecorator.java:247)
org.openqa.selenium.support.decorators.DefaultDecorated.call(DefaultDecorated.java:48)
org.openqa.selenium.support.decorators.WebDriverDecorator.lambda$createProxy$0(WebDriverDecorator.java:309)
net.bytebuddy.renamed.java.lang.Object$ByteBuddy$etaLD63p.findElements(Unknown Source)
com.zebrunner.carina.webdriver.locator.ExtendedElementLocator.findElement(ExtendedElementLocator.java:146)
org.openqa.selenium.support.pagefactory.internal.LocatingElementHandler.invoke(LocatingElementHandler.java:39)
jdk.proxy2/jdk.proxy2.$Proxy90.findElements(Unknown Source)
org.openqa.selenium.support.ui.ExpectedConditions$43.apply(ExpectedConditions.java:1241)
org.openqa.selenium.support.ui.ExpectedConditions$43.apply(ExpectedConditions.java:1237)
org.openqa.selenium.support.ui.ExpectedConditions$49.apply(ExpectedConditions.java:1411)
org.openqa.selenium.support.ui.ExpectedConditions$49.apply(ExpectedConditions.java:1405)
org.openqa.selenium.support.ui.FluentWait.until(FluentWait.java:208)
com.zebrunner.carina.webdriver.decorator.ExtendedWebElement.waitUntil(ExtendedWebElement.java:273)
com.zebrunner.carina.webdriver.decorator.ExtendedWebElement.isVisible(ExtendedWebElement.java:926)
com.zebrunner.carina.webdriver.decorator.ExtendedWebElement.isVisible(ExtendedWebElement.java:897)
com.solvd.carina.demo.mobile.AutomationExercise.components.AutomationExerciseSliderCarousel.isLeftSliderControlVisible(AutomationExerciseSliderCarousel.java:20)
com.solvd.carina.demo.mobile.AutomationExerciseTest.test(WebAutomationExerciseTest.java:30)
java.base/jdk.internal.reflect.DirectMethodHandleAccessor.invoke(DirectMethodHandleAccessor.java:103)
java.base/java.lang.reflect.Method.invoke(Method.java:580)
org.testng.internal.invokers.MethodInvocationHelper.invokeMethod(MethodInvocationHelper.java:139)
org.testng.internal.invokers.TestInvoker.invokeMethod(TestInvoker.java:677)
org.testng.internal.invokers.TestInvoker.invokeTestMethod(TestInvoker.java:221)
org.testng.internal.invokers.MethodRunner.runInSequence(MethodRunner.java:50)
org.testng.internal.invokers.TestInvoker$MethodInvocationAgent.invoke(TestInvoker.java:969)
org.testng.internal.invokers.TestInvoker.invokeTestMethods(TestInvoker.java:194)
org.testng.internal.invokers.TestMethodWorker.invokeTestMethods(TestMethodWorker.java:148)
org.testng.internal.invokers.TestMethodWorker.run(TestMethodWorker.java:128)
java.base/java.util.ArrayList.forEach(ArrayList.java:1596)
org.testng.TestRunner.privateRun(TestRunner.java:829)
org.testng.TestRunner.run(TestRunner.java:602)
org.testng.SuiteRunner.runTest(SuiteRunner.java:437)
org.testng.SuiteRunner.runSequentially(SuiteRunner.java:431)
org.testng.SuiteRunner.privateRun(SuiteRunner.java:391)
org.testng.SuiteRunner.run(SuiteRunner.java:330)
org.testng.SuiteRunnerWorker.runSuite(SuiteRunnerWorker.java:52)
org.testng.SuiteRunnerWorker.run(SuiteRunnerWorker.java:95)
org.testng.TestNG.runSuitesSequentially(TestNG.java:1256)
org.testng.TestNG.runSuitesLocally(TestNG.java:1176)
org.testng.TestNG.runSuites(TestNG.java:1099)
org.testng.TestNG.run(TestNG.java:1067)
com.intellij.rt.testng.IDEARemoteTestNG.run(IDEARemoteTestNG.java:65)
com.intellij.rt.testng.RemoteTestNGStarter.main(RemoteTestNGStarter.java:105)
